<?xml version="1.0" encoding="UTF-8"?>
<!-- Generated by org.testng.reporters.JUnitReportReporter -->
<testsuite hostname="LAPTOP-LG4K5LS5" failures="0" tests="1" name="demoGit.DemoGIT" time="0.016" errors="0" timestamp="2022-01-24T23:18:27 IST" skipped="0">
  <testcase classname="demoGit.DemoGIT" name="demoGit" time="0.016"/>
  <system-out/>
</testsuite> <!-- demoGit.DemoGIT -->
